1636871989753	geckodriver	INFO	Listening on 127.0.0.1:55500
1636871992831	mozrunner::runner	INFO	Running command: "C:\\Program Files\\Mozilla Firefox\\firefox.exe" "--marionette" "--remote-debugging-port" "55501" "-no-remote" "-profile" "C:\\Users\\hasan\\AppData\\Local\\Temp\\rust_mozprofileK50x1k"
1636871993260	Marionette	INFO	Marionette enabled
console.warn: SearchSettings: "get: No settings file exists, new profile?" (new NotFoundError("Could not open the file at C:\\Users\\hasan\\AppData\\Local\\Temp\\rust_mozprofileK50x1k\\search.json.mozlz4", (void 0)))
DevTools listening on ws://localhost:55501/devtools/browser/48f6cd13-32dc-4fdf-ae9d-c217583fe7b0
1636871996046	Marionette	INFO	Listening on port 55506
1636871996532	RemoteAgent	WARN	TLS certificate errors will be ignored for this session
1636872005671	Marionette	INFO	Stopped listening on port 55506
console.warn: TopSitesFeed: Failed to fetch data from Contile server: NetworkError when attempting to fetch resource.
1636872039923	geckodriver	INFO	Listening on 127.0.0.1:54309
1636872043004	mozrunner::runner	INFO	Running command: "C:\\Program Files\\Mozilla Firefox\\firefox.exe" "--marionette" "--remote-debugging-port" "54310" "-no-remote" "-profile" "C:\\Users\\hasan\\AppData\\Local\\Temp\\rust_mozprofileOx67m3"
1636872043314	Marionette	INFO	Marionette enabled
console.warn: SearchSettings: "get: No settings file exists, new profile?" (new NotFoundError("Could not open the file at C:\\Users\\hasan\\AppData\\Local\\Temp\\rust_mozprofileOx67m3\\search.json.mozlz4", (void 0)))
DevTools listening on ws://localhost:54310/devtools/browser/fa8bea9a-fcf4-4aa6-baf6-f54d0be79a92
1636872045559	Marionette	INFO	Listening on port 54315
1636872045667	RemoteAgent	WARN	TLS certificate errors will be ignored for this session
1636872049985	Marionette	INFO	Stopped listening on port 54315
console.warn: TopSitesFeed: Failed to fetch data from Contile server: NetworkError when attempting to fetch resource.

###!!! [Parent][RunMessage] Error: Channel closing: too late to send/recv, messages will be lost

1636872339793	geckodriver	INFO	Listening on 127.0.0.1:57960
1636872342852	mozrunner::runner	INFO	Running command: "C:\\Program Files\\Mozilla Firefox\\firefox.exe" "--marionette" "--remote-debugging-port" "57961" "-no-remote" "-profile" "C:\\Users\\hasan\\AppData\\Local\\Temp\\rust_mozprofile1at45K"
1636872343188	Marionette	INFO	Marionette enabled
console.warn: SearchSettings: "get: No settings file exists, new profile?" (new NotFoundError("Could not open the file at C:\\Users\\hasan\\AppData\\Local\\Temp\\rust_mozprofile1at45K\\search.json.mozlz4", (void 0)))
DevTools listening on ws://localhost:57961/devtools/browser/10185240-a4c8-41b7-8c05-49e5df0acc4a
1636872345516	Marionette	INFO	Listening on port 61427
1636872346032	RemoteAgent	WARN	TLS certificate errors will be ignored for this session
1636872358962	Marionette	INFO	Stopped listening on port 61427
console.warn: TopSitesFeed: Failed to fetch data from Contile server: NetworkError when attempting to fetch resource.

###!!! [Parent][RunMessage] Error: Channel closing: too late to send/recv, messages will be lost

1636872371475	geckodriver	INFO	Listening on 127.0.0.1:61473
1636872374555	mozrunner::runner	INFO	Running command: "C:\\Program Files\\Mozilla Firefox\\firefox.exe" "--marionette" "--remote-debugging-port" "61474" "-no-remote" "-profile" "C:\\Users\\hasan\\AppData\\Local\\Temp\\rust_mozprofileR3phCB"
1636872374847	Marionette	INFO	Marionette enabled
console.warn: SearchSettings: "get: No settings file exists, new profile?" (new NotFoundError("Could not open the file at C:\\Users\\hasan\\AppData\\Local\\Temp\\rust_mozprofileR3phCB\\search.json.mozlz4", (void 0)))
DevTools listening on ws://localhost:61474/devtools/browser/ef1b7e6e-0740-461a-9e80-9da562f76186
1636872376957	Marionette	INFO	Listening on port 61479
1636872377230	RemoteAgent	WARN	TLS certificate errors will be ignored for this session
1636872381740	Marionette	INFO	Stopped listening on port 61479
console.warn: TopSitesFeed: Failed to fetch data from Contile server: NetworkError when attempting to fetch resource.

###!!! [Parent][RunMessage] Error: Channel closing: too late to send/recv, messages will be lost

1636872393299	geckodriver	INFO	Listening on 127.0.0.1:61523
1636872396363	mozrunner::runner	INFO	Running command: "C:\\Program Files\\Mozilla Firefox\\firefox.exe" "--marionette" "--remote-debugging-port" "61524" "-no-remote" "-profile" "C:\\Users\\hasan\\AppData\\Local\\Temp\\rust_mozprofileLxVQha"
1636872396668	Marionette	INFO	Marionette enabled
console.warn: SearchSettings: "get: No settings file exists, new profile?" (new NotFoundError("Could not open the file at C:\\Users\\hasan\\AppData\\Local\\Temp\\rust_mozprofileLxVQha\\search.json.mozlz4", (void 0)))
DevTools listening on ws://localhost:61524/devtools/browser/ac0a8694-c4d9-4031-baa4-667719730bce
1636872398745	Marionette	INFO	Listening on port 61529
1636872399024	RemoteAgent	WARN	TLS certificate errors will be ignored for this session
1636872405844	Marionette	INFO	Stopped listening on port 61529
console.warn: TopSitesFeed: Failed to fetch data from Contile server: NetworkError when attempting to fetch resource.

###!!! [Parent][RunMessage] Error: Channel closing: too late to send/recv, messages will be lost

1636876585963	geckodriver	INFO	Listening on 127.0.0.1:50464
1636876589020	mozrunner::runner	INFO	Running command: "C:\\Program Files\\Mozilla Firefox\\firefox.exe" "--marionette" "--remote-debugging-port" "50465" "-no-remote" "-profile" "C:\\Users\\hasan\\AppData\\Local\\Temp\\rust_mozprofiledM43vX"
1636876589361	Marionette	INFO	Marionette enabled
console.warn: SearchSettings: "get: No settings file exists, new profile?" (new NotFoundError("Could not open the file at C:\\Users\\hasan\\AppData\\Local\\Temp\\rust_mozprofiledM43vX\\search.json.mozlz4", (void 0)))
DevTools listening on ws://localhost:50465/devtools/browser/eab3be07-5390-4ac1-afb8-1b415438bb7a
1636876591548	Marionette	INFO	Listening on port 50470
1636876591698	RemoteAgent	WARN	TLS certificate errors will be ignored for this session
JavaScript warning: https://www.techwithtim.net/_Incapsula_Resource?SWJIYLWA=719d34d31c8e3a6e6fffd425f7e032f3&ns=1&cb=854904735, line 1: unreachable code after return statement
JavaScript warning: https://www.techwithtim.net/_Incapsula_Resource?SWJIYLWA=719d34d31c8e3a6e6fffd425f7e032f3&ns=1&cb=854904735, line 1: unreachable code after return statement
JavaScript warning: https://www.techwithtim.net/_Incapsula_Resource?SWJIYLWA=719d34d31c8e3a6e6fffd425f7e032f3&ns=1&cb=854904735 line 1 > eval, line 1: unreachable code after return statement
1636876612048	Marionette	INFO	Stopped listening on port 50470
JavaScript error: , line 0: TypeError: NetworkError when attempting to fetch resource.
console.warn: TopSitesFeed: Failed to fetch data from Contile server: NetworkError when attempting to fetch resource.

###!!! [Parent][RunMessage] Error: Channel closing: too late to send/recv, messages will be lost

1636876956160	geckodriver	INFO	Listening on 127.0.0.1:58651
1636876959260	mozrunner::runner	INFO	Running command: "C:\\Program Files\\Mozilla Firefox\\firefox.exe" "--marionette" "--remote-debugging-port" "58652" "-no-remote" "-profile" "C:\\Users\\hasan\\AppData\\Local\\Temp\\rust_mozprofilespzbdw"
1636876959553	Marionette	INFO	Marionette enabled
console.warn: SearchSettings: "get: No settings file exists, new profile?" (new NotFoundError("Could not open the file at C:\\Users\\hasan\\AppData\\Local\\Temp\\rust_mozprofilespzbdw\\search.json.mozlz4", (void 0)))
DevTools listening on ws://localhost:58652/devtools/browser/dd384c1e-e07e-4d84-ab26-69f989990961
1636876961670	Marionette	INFO	Listening on port 58657
1636876961943	RemoteAgent	WARN	TLS certificate errors will be ignored for this session
JavaScript warning: https://www.techwithtim.net/_Incapsula_Resource?SWJIYLWA=719d34d31c8e3a6e6fffd425f7e032f3&ns=1&cb=625973854, line 1: unreachable code after return statement
JavaScript warning: https://www.techwithtim.net/_Incapsula_Resource?SWJIYLWA=719d34d31c8e3a6e6fffd425f7e032f3&ns=1&cb=625973854, line 1: unreachable code after return statement
JavaScript warning: https://www.techwithtim.net/_Incapsula_Resource?SWJIYLWA=719d34d31c8e3a6e6fffd425f7e032f3&ns=1&cb=625973854 line 1 > eval, line 1: unreachable code after return statement
JavaScript error: resource://gre/actors/AutoCompleteChild.jsm, line 125: Error: Invalid autocomplete selectedIndex
JavaScript error: resource://gre/actors/AutoCompleteChild.jsm, line 125: Error: Invalid autocomplete selectedIndex
JavaScript error: resource://gre/modules/LoginManagerChild.jsm, line 194: NS_ERROR_XPC_JAVASCRIPT_ERROR_WITH_DETAILS: [JavaScript Error: "Invalid autocomplete selectedIndex" {file: "resource://gre/actors/AutoCompleteChild.jsm" line: 125}]'[JavaScript Error: "Invalid autocomplete selectedIndex" {file: "resource://gre/actors/AutoCompleteChild.jsm" line: 125}]' when calling method: [nsIAutoCompletePopup::selectedIndex]
JavaScript error: , line 0: TypeError: NetworkError when attempting to fetch resource.
JavaScript warning: https://pagead2.googlesyndication.com/bg/CRtE2hXI-Oo2CzbqEvynNThBTGvKRH_6so9ly1Scye0.js line 1 > eval line 6315 > eval line 1 > eval line 1 > eval, line 1: WEBGL_debug_renderer_info is deprecated in Firefox and will be removed. Please use RENDERER.
1636876972581	Marionette	INFO	Stopped listening on port 58657
JavaScript error: , line 0: TypeError: NetworkError when attempting to fetch resource.

###!!! [Parent][RunMessage] Error: Channel closing: too late to send/recv, messages will be lost

1636877046679	geckodriver	INFO	Listening on 127.0.0.1:63136
1636877049739	mozrunner::runner	INFO	Running command: "C:\\Program Files\\Mozilla Firefox\\firefox.exe" "--marionette" "--remote-debugging-port" "63137" "-no-remote" "-profile" "C:\\Users\\hasan\\AppData\\Local\\Temp\\rust_mozprofilevCRQCg"
1636877050081	Marionette	INFO	Marionette enabled
console.warn: SearchSettings: "get: No settings file exists, new profile?" (new NotFoundError("Could not open the file at C:\\Users\\hasan\\AppData\\Local\\Temp\\rust_mozprofilevCRQCg\\search.json.mozlz4", (void 0)))
DevTools listening on ws://localhost:63137/devtools/browser/05c7e442-67e5-405f-bf87-841cdcdadf45
1636877052226	Marionette	INFO	Listening on port 60164
1636877052403	RemoteAgent	WARN	TLS certificate errors will be ignored for this session
JavaScript warning: https://www.techwithtim.net/_Incapsula_Resource?SWJIYLWA=719d34d31c8e3a6e6fffd425f7e032f3&ns=1&cb=2044680946, line 1: unreachable code after return statement
JavaScript warning: https://www.techwithtim.net/_Incapsula_Resource?SWJIYLWA=719d34d31c8e3a6e6fffd425f7e032f3&ns=1&cb=2044680946, line 1: unreachable code after return statement
JavaScript warning: https://www.techwithtim.net/_Incapsula_Resource?SWJIYLWA=719d34d31c8e3a6e6fffd425f7e032f3&ns=1&cb=2044680946 line 1 > eval, line 1: unreachable code after return statement
JavaScript error: resource://gre/actors/AutoCompleteChild.jsm, line 125: Error: Invalid autocomplete selectedIndex
JavaScript error: resource://gre/actors/AutoCompleteChild.jsm, line 125: Error: Invalid autocomplete selectedIndex
JavaScript error: resource://gre/modules/LoginManagerChild.jsm, line 194: NS_ERROR_XPC_JAVASCRIPT_ERROR_WITH_DETAILS: [JavaScript Error: "Invalid autocomplete selectedIndex" {file: "resource://gre/actors/AutoCompleteChild.jsm" line: 125}]'[JavaScript Error: "Invalid autocomplete selectedIndex" {file: "resource://gre/actors/AutoCompleteChild.jsm" line: 125}]' when calling method: [nsIAutoCompletePopup::selectedIndex]
JavaScript warning: https://pagead2.googlesyndication.com/bg/CRtE2hXI-Oo2CzbqEvynNThBTGvKRH_6so9ly1Scye0.js line 1 > eval line 5411 > eval line 1 > eval line 1 > eval, line 1: WEBGL_debug_renderer_info is deprecated in Firefox and will be removed. Please use RENDERER.
1636877073066	Marionette	INFO	Stopped listening on port 60164
JavaScript error: , line 0: TypeError: NetworkError when attempting to fetch resource.
1636880151658	geckodriver	INFO	Listening on 127.0.0.1:61232
1636880154741	mozrunner::runner	INFO	Running command: "C:\\Program Files\\Mozilla Firefox\\firefox.exe" "--marionette" "--remote-debugging-port" "61233" "-no-remote" "-profile" "C:\\Users\\hasan\\AppData\\Local\\Temp\\rust_mozprofileqrhWMM"
1636880155020	Marionette	INFO	Marionette enabled
console.warn: SearchSettings: "get: No settings file exists, new profile?" (new NotFoundError("Could not open the file at C:\\Users\\hasan\\AppData\\Local\\Temp\\rust_mozprofileqrhWMM\\search.json.mozlz4", (void 0)))
DevTools listening on ws://localhost:61233/devtools/browser/2c7c4dc9-58c3-460e-b46e-3707c30ade6e
1636880157086	Marionette	INFO	Listening on port 61238
1636880157391	RemoteAgent	WARN	TLS certificate errors will be ignored for this session
JavaScript warning: https://www.techwithtim.net/_Incapsula_Resource?SWJIYLWA=719d34d31c8e3a6e6fffd425f7e032f3&ns=1&cb=1449875706, line 1: unreachable code after return statement
JavaScript warning: https://www.techwithtim.net/_Incapsula_Resource?SWJIYLWA=719d34d31c8e3a6e6fffd425f7e032f3&ns=1&cb=1449875706, line 1: unreachable code after return statement
JavaScript warning: https://www.techwithtim.net/_Incapsula_Resource?SWJIYLWA=719d34d31c8e3a6e6fffd425f7e032f3&ns=1&cb=1449875706 line 1 > eval, line 1: unreachable code after return statement
JavaScript error: resource://gre/actors/AutoCompleteChild.jsm, line 125: Error: Invalid autocomplete selectedIndex
JavaScript error: resource://gre/actors/AutoCompleteChild.jsm, line 125: Error: Invalid autocomplete selectedIndex
JavaScript error: resource://gre/modules/LoginManagerChild.jsm, line 194: NS_ERROR_XPC_JAVASCRIPT_ERROR_WITH_DETAILS: [JavaScript Error: "Invalid autocomplete selectedIndex" {file: "resource://gre/actors/AutoCompleteChild.jsm" line: 125}]'[JavaScript Error: "Invalid autocomplete selectedIndex" {file: "resource://gre/actors/AutoCompleteChild.jsm" line: 125}]' when calling method: [nsIAutoCompletePopup::selectedIndex]
1636880161803	Marionette	INFO	Stopped listening on port 61238
JavaScript error: resource://gre/modules/UrlClassifierListManager.jsm, line 691: TypeError: this.tablesData[table] is undefined
JavaScript error: , line 0: TypeError: NetworkError when attempting to fetch resource.

###!!! [Parent][RunMessage] Error: Channel closing: too late to send/recv, messages will be lost

1636880223477	geckodriver	INFO	Listening on 127.0.0.1:50659
1636880226541	mozrunner::runner	INFO	Running command: "C:\\Program Files\\Mozilla Firefox\\firefox.exe" "--marionette" "--remote-debugging-port" "50660" "-no-remote" "-profile" "C:\\Users\\hasan\\AppData\\Local\\Temp\\rust_mozprofile8DIldZ"
1636880226828	Marionette	INFO	Marionette enabled
console.warn: SearchSettings: "get: No settings file exists, new profile?" (new NotFoundError("Could not open the file at C:\\Users\\hasan\\AppData\\Local\\Temp\\rust_mozprofile8DIldZ\\search.json.mozlz4", (void 0)))
DevTools listening on ws://localhost:50660/devtools/browser/0152cd20-3b58-4e9b-9ee7-c533c3b0333a
1636880228923	Marionette	INFO	Listening on port 65152
1636880229208	RemoteAgent	WARN	TLS certificate errors will be ignored for this session
JavaScript warning: https://www.techwithtim.net/_Incapsula_Resource?SWJIYLWA=719d34d31c8e3a6e6fffd425f7e032f3&ns=1&cb=1216696697, line 1: unreachable code after return statement
JavaScript warning: https://www.techwithtim.net/_Incapsula_Resource?SWJIYLWA=719d34d31c8e3a6e6fffd425f7e032f3&ns=1&cb=1216696697, line 1: unreachable code after return statement
JavaScript warning: https://www.techwithtim.net/_Incapsula_Resource?SWJIYLWA=719d34d31c8e3a6e6fffd425f7e032f3&ns=1&cb=1216696697 line 1 > eval, line 1: unreachable code after return statement
JavaScript error: resource://gre/actors/AutoCompleteChild.jsm, line 125: Error: Invalid autocomplete selectedIndex
JavaScript error: resource://gre/actors/AutoCompleteChild.jsm, line 125: Error: Invalid autocomplete selectedIndex
JavaScript error: resource://gre/modules/LoginManagerChild.jsm, line 194: NS_ERROR_XPC_JAVASCRIPT_ERROR_WITH_DETAILS: [JavaScript Error: "Invalid autocomplete selectedIndex" {file: "resource://gre/actors/AutoCompleteChild.jsm" line: 125}]'[JavaScript Error: "Invalid autocomplete selectedIndex" {file: "resource://gre/actors/AutoCompleteChild.jsm" line: 125}]' when calling method: [nsIAutoCompletePopup::selectedIndex]
1636880233610	Marionette	INFO	Stopped listening on port 65152
JavaScript error: , line 0: TypeError: NetworkError when attempting to fetch resource.

###!!! [Parent][RunMessage] Error: Channel closing: too late to send/recv, messages will be lost

1636880266775	geckodriver	INFO	Listening on 127.0.0.1:65223
1636880269861	mozrunner::runner	INFO	Running command: "C:\\Program Files\\Mozilla Firefox\\firefox.exe" "--marionette" "--remote-debugging-port" "65224" "-no-remote" "-profile" "C:\\Users\\hasan\\AppData\\Local\\Temp\\rust_mozprofilebzzBRI"
1636880270143	Marionette	INFO	Marionette enabled
console.warn: SearchSettings: "get: No settings file exists, new profile?" (new NotFoundError("Could not open the file at C:\\Users\\hasan\\AppData\\Local\\Temp\\rust_mozprofilebzzBRI\\search.json.mozlz4", (void 0)))
DevTools listening on ws://localhost:65224/devtools/browser/b4c086be-d959-4d0d-b1fa-17ac85188ae9
1636880272155	Marionette	INFO	Listening on port 65229
1636880272522	RemoteAgent	WARN	TLS certificate errors will be ignored for this session
JavaScript warning: https://www.techwithtim.net/_Incapsula_Resource?SWJIYLWA=719d34d31c8e3a6e6fffd425f7e032f3&ns=1&cb=1218584166, line 1: unreachable code after return statement
JavaScript warning: https://www.techwithtim.net/_Incapsula_Resource?SWJIYLWA=719d34d31c8e3a6e6fffd425f7e032f3&ns=1&cb=1218584166, line 1: unreachable code after return statement
JavaScript warning: https://www.techwithtim.net/_Incapsula_Resource?SWJIYLWA=719d34d31c8e3a6e6fffd425f7e032f3&ns=1&cb=1218584166 line 1 > eval, line 1: unreachable code after return statement
JavaScript error: resource://gre/actors/AutoCompleteChild.jsm, line 125: Error: Invalid autocomplete selectedIndex
JavaScript error: resource://gre/actors/AutoCompleteChild.jsm, line 125: Error: Invalid autocomplete selectedIndex
JavaScript error: resource://gre/modules/LoginManagerChild.jsm, line 194: NS_ERROR_XPC_JAVASCRIPT_ERROR_WITH_DETAILS: [JavaScript Error: "Invalid autocomplete selectedIndex" {file: "resource://gre/actors/AutoCompleteChild.jsm" line: 125}]'[JavaScript Error: "Invalid autocomplete selectedIndex" {file: "resource://gre/actors/AutoCompleteChild.jsm" line: 125}]' when calling method: [nsIAutoCompletePopup::selectedIndex]
JavaScript warning: https://pagead2.googlesyndication.com/bg/CRtE2hXI-Oo2CzbqEvynNThBTGvKRH_6so9ly1Scye0.js line 1 > eval line 782 > eval line 1 > eval line 1 > eval, line 1: WEBGL_debug_renderer_info is deprecated in Firefox and will be removed. Please use RENDERER.
1636880285382	Marionette	INFO	Stopped listening on port 65229
JavaScript error: , line 0: TypeError: NetworkError when attempting to fetch resource.
console.warn: TopSitesFeed: Failed to fetch data from Contile server: NetworkError when attempting to fetch resource.

###!!! [Parent][RunMessage] Error: Channel closing: too late to send/recv, messages will be lost

1636880447113	geckodriver	INFO	Listening on 127.0.0.1:56377
1636880450192	mozrunner::runner	INFO	Running command: "C:\\Program Files\\Mozilla Firefox\\firefox.exe" "--marionette" "--remote-debugging-port" "56378" "-no-remote" "-profile" "C:\\Users\\hasan\\AppData\\Local\\Temp\\rust_mozprofileMl8D6W"
1636880450479	Marionette	INFO	Marionette enabled
console.warn: SearchSettings: "get: No settings file exists, new profile?" (new NotFoundError("Could not open the file at C:\\Users\\hasan\\AppData\\Local\\Temp\\rust_mozprofileMl8D6W\\search.json.mozlz4", (void 0)))
DevTools listening on ws://localhost:56378/devtools/browser/fe39db42-00ce-47e7-bae3-18b4ca2562ee
1636880452592	Marionette	INFO	Listening on port 56383
1636880452856	RemoteAgent	WARN	TLS certificate errors will be ignored for this session
JavaScript warning: https://www.techwithtim.net/_Incapsula_Resource?SWJIYLWA=719d34d31c8e3a6e6fffd425f7e032f3&ns=1&cb=992482436, line 1: unreachable code after return statement
JavaScript error: resource://gre/actors/AutoCompleteChild.jsm, line 125: Error: Invalid autocomplete selectedIndex
JavaScript error: resource://gre/actors/AutoCompleteChild.jsm, line 125: Error: Invalid autocomplete selectedIndex
JavaScript error: resource://gre/modules/LoginManagerChild.jsm, line 194: NS_ERROR_XPC_JAVASCRIPT_ERROR_WITH_DETAILS: [JavaScript Error: "Invalid autocomplete selectedIndex" {file: "resource://gre/actors/AutoCompleteChild.jsm" line: 125}]'[JavaScript Error: "Invalid autocomplete selectedIndex" {file: "resource://gre/actors/AutoCompleteChild.jsm" line: 125}]' when calling method: [nsIAutoCompletePopup::selectedIndex]
1636880457273	Marionette	INFO	Stopped listening on port 56383
JavaScript error: , line 0: TypeError: NetworkError when attempting to fetch resource.

###!!! [Parent][RunMessage] Error: Channel closing: too late to send/recv, messages will be lost

1636880524898	geckodriver	INFO	Listening on 127.0.0.1:55218
1636880527972	mozrunner::runner	INFO	Running command: "C:\\Program Files\\Mozilla Firefox\\firefox.exe" "--marionette" "--remote-debugging-port" "55219" "-no-remote" "-profile" "C:\\Users\\hasan\\AppData\\Local\\Temp\\rust_mozprofileO8hiB9"
1636880528249	Marionette	INFO	Marionette enabled
console.warn: SearchSettings: "get: No settings file exists, new profile?" (new NotFoundError("Could not open the file at C:\\Users\\hasan\\AppData\\Local\\Temp\\rust_mozprofileO8hiB9\\search.json.mozlz4", (void 0)))
DevTools listening on ws://localhost:55219/devtools/browser/da26df63-62a6-481a-b982-152c2c5cc7e0
1636880530217	Marionette	INFO	Listening on port 55224
1636880530656	RemoteAgent	WARN	TLS certificate errors will be ignored for this session
JavaScript warning: https://www.techwithtim.net/_Incapsula_Resource?SWJIYLWA=719d34d31c8e3a6e6fffd425f7e032f3&ns=1&cb=187132478, line 1: unreachable code after return statement
JavaScript warning: https://www.techwithtim.net/_Incapsula_Resource?SWJIYLWA=719d34d31c8e3a6e6fffd425f7e032f3&ns=1&cb=187132478, line 1: unreachable code after return statement
JavaScript warning: https://www.techwithtim.net/_Incapsula_Resource?SWJIYLWA=719d34d31c8e3a6e6fffd425f7e032f3&ns=1&cb=187132478 line 1 > eval, line 1: unreachable code after return statement
JavaScript warning: https://pagead2.googlesyndication.com/bg/CRtE2hXI-Oo2CzbqEvynNThBTGvKRH_6so9ly1Scye0.js line 1 > eval line 6725 > eval line 1 > eval line 1 > eval, line 1: WEBGL_debug_renderer_info is deprecated in Firefox and will be removed. Please use RENDERER.
JavaScript error: resource://gre/actors/AutoCompleteChild.jsm, line 125: Error: Invalid autocomplete selectedIndex
JavaScript error: resource://gre/actors/AutoCompleteChild.jsm, line 125: Error: Invalid autocomplete selectedIndex
JavaScript error: resource://gre/modules/LoginManagerChild.jsm, line 194: NS_ERROR_XPC_JAVASCRIPT_ERROR_WITH_DETAILS: [JavaScript Error: "Invalid autocomplete selectedIndex" {file: "resource://gre/actors/AutoCompleteChild.jsm" line: 125}]'[JavaScript Error: "Invalid autocomplete selectedIndex" {file: "resource://gre/actors/AutoCompleteChild.jsm" line: 125}]' when calling method: [nsIAutoCompletePopup::selectedIndex]
1636880544426	Marionette	INFO	Stopped listening on port 55224
JavaScript error: , line 0: TypeError: NetworkError when attempting to fetch resource.

###!!! [Parent][RunMessage] Error: Channel closing: too late to send/recv, messages will be lost

1636880628864	geckodriver	INFO	Listening on 127.0.0.1:49486
1636880631934	mozrunner::runner	INFO	Running command: "C:\\Program Files\\Mozilla Firefox\\firefox.exe" "--marionette" "--remote-debugging-port" "49487" "-no-remote" "-profile" "C:\\Users\\hasan\\AppData\\Local\\Temp\\rust_mozprofileRTvHWf"
1636880632214	Marionette	INFO	Marionette enabled
console.warn: SearchSettings: "get: No settings file exists, new profile?" (new NotFoundError("Could not open the file at C:\\Users\\hasan\\AppData\\Local\\Temp\\rust_mozprofileRTvHWf\\search.json.mozlz4", (void 0)))
DevTools listening on ws://localhost:49487/devtools/browser/c956f8c5-2d68-4885-bf8b-a59db9b1eedf
1636880634329	Marionette	INFO	Listening on port 49492
1636880634610	RemoteAgent	WARN	TLS certificate errors will be ignored for this session
JavaScript warning: https://www.techwithtim.net/_Incapsula_Resource?SWJIYLWA=719d34d31c8e3a6e6fffd425f7e032f3&ns=1&cb=376450867, line 1: unreachable code after return statement
JavaScript warning: https://www.techwithtim.net/_Incapsula_Resource?SWJIYLWA=719d34d31c8e3a6e6fffd425f7e032f3&ns=1&cb=376450867, line 1: unreachable code after return statement
JavaScript warning: https://www.techwithtim.net/_Incapsula_Resource?SWJIYLWA=719d34d31c8e3a6e6fffd425f7e032f3&ns=1&cb=376450867 line 1 > eval, line 1: unreachable code after return statement
JavaScript warning: https://pagead2.googlesyndication.com/bg/CRtE2hXI-Oo2CzbqEvynNThBTGvKRH_6so9ly1Scye0.js line 1 > eval line 2421 > eval line 1 > eval line 1 > eval, line 1: WEBGL_debug_renderer_info is deprecated in Firefox and will be removed. Please use RENDERER.
JavaScript error: resource://gre/actors/AutoCompleteChild.jsm, line 125: Error: Invalid autocomplete selectedIndex
JavaScript error: resource://gre/actors/AutoCompleteChild.jsm, line 125: Error: Invalid autocomplete selectedIndex
JavaScript error: resource://gre/modules/LoginManagerChild.jsm, line 194: NS_ERROR_XPC_JAVASCRIPT_ERROR_WITH_DETAILS: [JavaScript Error: "Invalid autocomplete selectedIndex" {file: "resource://gre/actors/AutoCompleteChild.jsm" line: 125}]'[JavaScript Error: "Invalid autocomplete selectedIndex" {file: "resource://gre/actors/AutoCompleteChild.jsm" line: 125}]' when calling method: [nsIAutoCompletePopup::selectedIndex]
1636880649321	Marionette	INFO	Stopped listening on port 49492
JavaScript error: , line 0: TypeError: NetworkError when attempting to fetch resource.

###!!! [Parent][RunMessage] Error: Channel closing: too late to send/recv, messages will be lost

1637003194460	geckodriver	INFO	Listening on 127.0.0.1:63942
1637003197532	mozrunner::runner	INFO	Running command: "C:\\Program Files\\Mozilla Firefox\\firefox.exe" "--marionette" "--remote-debugging-port" "63943" "-no-remote" "-profile" "C:\\Users\\hasan\\AppData\\Local\\Temp\\rust_mozprofileCQFLGB"
1637003197958	Marionette	INFO	Marionette enabled
console.warn: SearchSettings: "get: No settings file exists, new profile?" (new NotFoundError("Could not open the file at C:\\Users\\hasan\\AppData\\Local\\Temp\\rust_mozprofileCQFLGB\\search.json.mozlz4", (void 0)))
DevTools listening on ws://localhost:63943/devtools/browser/41bfeb2e-49e0-4e10-85b0-9687850cefaf
1637003200450	Marionette	INFO	Listening on port 63948
1637003200717	RemoteAgent	WARN	TLS certificate errors will be ignored for this session
JavaScript warning: https://www.techwithtim.net/_Incapsula_Resource?SWJIYLWA=719d34d31c8e3a6e6fffd425f7e032f3&ns=1&cb=1732961211, line 1: unreachable code after return statement
JavaScript warning: https://www.techwithtim.net/_Incapsula_Resource?SWJIYLWA=719d34d31c8e3a6e6fffd425f7e032f3&ns=1&cb=1732961211, line 1: unreachable code after return statement
JavaScript warning: https://www.techwithtim.net/_Incapsula_Resource?SWJIYLWA=719d34d31c8e3a6e6fffd425f7e032f3&ns=1&cb=1732961211, line 1: unreachable code after return statement
JavaScript warning: https://www.techwithtim.net/_Incapsula_Resource?SWJIYLWA=719d34d31c8e3a6e6fffd425f7e032f3&ns=1&cb=1732961211 line 1 > eval, line 1: unreachable code after return statement
JavaScript warning: https://www.techwithtim.net/_Incapsula_Resource?SWJIYLWA=719d34d31c8e3a6e6fffd425f7e032f3&ns=1&cb=1732961211 line 1 > eval, line 1: unreachable code after return statement
JavaScript warning: https://pagead2.googlesyndication.com/bg/IDpL2rJiZrNY3rYqo4eIGDY6phXtx-GzYRENHMIWWlE.js line 1 > eval line 4084 > eval line 1 > eval line 1 > eval, line 1: WEBGL_debug_renderer_info is deprecated in Firefox and will be removed. Please use RENDERER.
1637003210738	Marionette	INFO	Stopped listening on port 63948
JavaScript error: , line 0: TypeError: NetworkError when attempting to fetch resource.
console.warn: TopSitesFeed: Failed to fetch data from Contile server: NetworkError when attempting to fetch resource.

###!!! [Parent][RunMessage] Error: Channel closing: too late to send/recv, messages will be lost

1637003249057	geckodriver	INFO	Listening on 127.0.0.1:52493
1637003252142	mozrunner::runner	INFO	Running command: "C:\\Program Files\\Mozilla Firefox\\firefox.exe" "--marionette" "--remote-debugging-port" "52494" "-no-remote" "-profile" "C:\\Users\\hasan\\AppData\\Local\\Temp\\rust_mozprofileIOBghA"
1637003252459	Marionette	INFO	Marionette enabled
console.warn: SearchSettings: "get: No settings file exists, new profile?" (new NotFoundError("Could not open the file at C:\\Users\\hasan\\AppData\\Local\\Temp\\rust_mozprofileIOBghA\\search.json.mozlz4", (void 0)))
DevTools listening on ws://localhost:52494/devtools/browser/a112d914-b14f-4179-9398-ff3ff63e005b
1637003254500	Marionette	INFO	Listening on port 52499
1637003254825	RemoteAgent	WARN	TLS certificate errors will be ignored for this session
JavaScript warning: https://www.techwithtim.net/_Incapsula_Resource?SWJIYLWA=719d34d31c8e3a6e6fffd425f7e032f3&ns=1&cb=1730058041, line 1: unreachable code after return statement
JavaScript warning: https://www.techwithtim.net/_Incapsula_Resource?SWJIYLWA=719d34d31c8e3a6e6fffd425f7e032f3&ns=1&cb=1730058041, line 1: unreachable code after return statement
JavaScript warning: https://www.techwithtim.net/_Incapsula_Resource?SWJIYLWA=719d34d31c8e3a6e6fffd425f7e032f3&ns=1&cb=1730058041, line 1: unreachable code after return statement
JavaScript warning: https://www.techwithtim.net/_Incapsula_Resource?SWJIYLWA=719d34d31c8e3a6e6fffd425f7e032f3&ns=1&cb=1730058041 line 1 > eval, line 1: unreachable code after return statement
JavaScript warning: https://www.techwithtim.net/_Incapsula_Resource?SWJIYLWA=719d34d31c8e3a6e6fffd425f7e032f3&ns=1&cb=1730058041 line 1 > eval, line 1: unreachable code after return statement
JavaScript warning: https://pagead2.googlesyndication.com/bg/IDpL2rJiZrNY3rYqo4eIGDY6phXtx-GzYRENHMIWWlE.js line 1 > eval line 2860 > eval line 1 > eval line 1 > eval, line 1: WEBGL_debug_renderer_info is deprecated in Firefox and will be removed. Please use RENDERER.
JavaScript warning: https://pagead2.googlesyndication.com/bg/IDpL2rJiZrNY3rYqo4eIGDY6phXtx-GzYRENHMIWWlE.js line 1 > eval line 5428 > eval line 1 > eval line 1 > eval, line 1: WEBGL_debug_renderer_info is deprecated in Firefox and will be removed. Please use RENDERER.
JavaScript warning: https://pagead2.googlesyndication.com/bg/IDpL2rJiZrNY3rYqo4eIGDY6phXtx-GzYRENHMIWWlE.js line 1 > eval line 2210 > eval line 1 > eval line 1 > eval, line 1: WEBGL_debug_renderer_info is deprecated in Firefox and will be removed. Please use RENDERER.
JavaScript error: , line 0: TypeError: NetworkError when attempting to fetch resource.
JavaScript warning: https://pagead2.googlesyndication.com/bg/IDpL2rJiZrNY3rYqo4eIGDY6phXtx-GzYRENHMIWWlE.js line 1 > eval line 4513 > eval line 1 > eval line 1 > eval, line 1: WEBGL_debug_renderer_info is deprecated in Firefox and will be removed. Please use RENDERER.
JavaScript warning: https://www.techwithtim.net/_Incapsula_Resource?SWJIYLWA=719d34d31c8e3a6e6fffd425f7e032f3&ns=1&cb=1730058041, line 1: unreachable code after return statement
JavaScript warning: https://www.techwithtim.net/_Incapsula_Resource?SWJIYLWA=719d34d31c8e3a6e6fffd425f7e032f3&ns=1&cb=1730058041, line 1: unreachable code after return statement
JavaScript warning: https://www.techwithtim.net/_Incapsula_Resource?SWJIYLWA=719d34d31c8e3a6e6fffd425f7e032f3&ns=1&cb=1730058041 line 1 > eval, line 1: unreachable code after return statement
JavaScript error: , line 0: TypeError: NetworkError when attempting to fetch resource.
1637003279689	Marionette	INFO	Stopped listening on port 52499
JavaScript error: , line 0: TypeError: NetworkError when attempting to fetch resource.
console.warn: TopSitesFeed: Failed to fetch data from Contile server: NetworkError when attempting to fetch resource.

###!!! [Parent][RunMessage] Error: Channel closing: too late to send/recv, messages will be lost

1637003620454	geckodriver	INFO	Listening on 127.0.0.1:65481
1637003623540	mozrunner::runner	INFO	Running command: "C:\\Program Files\\Mozilla Firefox\\firefox.exe" "--marionette" "--remote-debugging-port" "65482" "-no-remote" "-profile" "C:\\Users\\hasan\\AppData\\Local\\Temp\\rust_mozprofile11rqy9"
1637003623840	Marionette	INFO	Marionette enabled
console.warn: SearchSettings: "get: No settings file exists, new profile?" (new NotFoundError("Could not open the file at C:\\Users\\hasan\\AppData\\Local\\Temp\\rust_mozprofile11rqy9\\search.json.mozlz4", (void 0)))
DevTools listening on ws://localhost:65482/devtools/browser/64c8a82d-de35-4cc7-b140-ca09a3c7361f
1637003625837	Marionette	INFO	Listening on port 65488
1637003626200	RemoteAgent	WARN	TLS certificate errors will be ignored for this session
JavaScript warning: https://www.techwithtim.net/_Incapsula_Resource?SWJIYLWA=719d34d31c8e3a6e6fffd425f7e032f3&ns=3&cb=1413455440, line 1: unreachable code after return statement
JavaScript warning: https://www.techwithtim.net/_Incapsula_Resource?SWJIYLWA=719d34d31c8e3a6e6fffd425f7e032f3&ns=3&cb=1413455440, line 1: unreachable code after return statement
JavaScript warning: https://www.techwithtim.net/_Incapsula_Resource?SWJIYLWA=719d34d31c8e3a6e6fffd425f7e032f3&ns=3&cb=1413455440, line 1: unreachable code after return statement
JavaScript warning: https://www.techwithtim.net/_Incapsula_Resource?SWJIYLWA=719d34d31c8e3a6e6fffd425f7e032f3&ns=3&cb=1413455440 line 1 > eval, line 1: unreachable code after return statement
JavaScript warning: https://www.techwithtim.net/_Incapsula_Resource?SWJIYLWA=719d34d31c8e3a6e6fffd425f7e032f3&ns=3&cb=1413455440 line 1 > eval, line 1: unreachable code after return statement
1637003633837	Marionette	INFO	Stopped listening on port 65488
JavaScript error: , line 0: uncaught exception: undefined
JavaScript error: , line 0: TypeError: NetworkError when attempting to fetch resource.

###!!! [Parent][RunMessage] Error: Channel closing: too late to send/recv, messages will be lost

1637003644675	geckodriver	INFO	Listening on 127.0.0.1:49184
1637003647754	mozrunner::runner	INFO	Running command: "C:\\Program Files\\Mozilla Firefox\\firefox.exe" "--marionette" "--remote-debugging-port" "49185" "-no-remote" "-profile" "C:\\Users\\hasan\\AppData\\Local\\Temp\\rust_mozprofilei0oTsO"
1637003648045	Marionette	INFO	Marionette enabled
console.warn: SearchSettings: "get: No settings file exists, new profile?" (new NotFoundError("Could not open the file at C:\\Users\\hasan\\AppData\\Local\\Temp\\rust_mozprofilei0oTsO\\search.json.mozlz4", (void 0)))
DevTools listening on ws://localhost:49185/devtools/browser/896d00a8-ae48-4967-ba89-d0a3d3abcf53
1637003650053	Marionette	INFO	Listening on port 49190
1637003650423	RemoteAgent	WARN	TLS certificate errors will be ignored for this session
JavaScript warning: https://www.techwithtim.net/_Incapsula_Resource?SWJIYLWA=719d34d31c8e3a6e6fffd425f7e032f3&ns=1&cb=1935481204, line 1: unreachable code after return statement
JavaScript warning: https://www.techwithtim.net/_Incapsula_Resource?SWJIYLWA=719d34d31c8e3a6e6fffd425f7e032f3&ns=1&cb=1935481204, line 1: unreachable code after return statement
JavaScript warning: https://www.techwithtim.net/_Incapsula_Resource?SWJIYLWA=719d34d31c8e3a6e6fffd425f7e032f3&ns=1&cb=1935481204, line 1: unreachable code after return statement
JavaScript warning: https://www.techwithtim.net/_Incapsula_Resource?SWJIYLWA=719d34d31c8e3a6e6fffd425f7e032f3&ns=1&cb=1935481204 line 1 > eval, line 1: unreachable code after return statement
JavaScript warning: https://www.techwithtim.net/_Incapsula_Resource?SWJIYLWA=719d34d31c8e3a6e6fffd425f7e032f3&ns=1&cb=1935481204 line 1 > eval, line 1: unreachable code after return statement
JavaScript warning: https://pagead2.googlesyndication.com/bg/IDpL2rJiZrNY3rYqo4eIGDY6phXtx-GzYRENHMIWWlE.js line 1 > eval line 1880 > eval line 1 > eval line 1 > eval, line 1: WEBGL_debug_renderer_info is deprecated in Firefox and will be removed. Please use RENDERER.
1637003663871	Marionette	INFO	Stopped listening on port 49190
JavaScript error: , line 0: TypeError: NetworkError when attempting to fetch resource.

###!!! [Parent][RunMessage] Error: Channel closing: too late to send/recv, messages will be lost

1637003696192	geckodriver	INFO	Listening on 127.0.0.1:51764
1637003699278	mozrunner::runner	INFO	Running command: "C:\\Program Files\\Mozilla Firefox\\firefox.exe" "--marionette" "--remote-debugging-port" "51765" "-no-remote" "-profile" "C:\\Users\\hasan\\AppData\\Local\\Temp\\rust_mozprofile0TONXs"
1637003699559	Marionette	INFO	Marionette enabled
console.warn: SearchSettings: "get: No settings file exists, new profile?" (new NotFoundError("Could not open the file at C:\\Users\\hasan\\AppData\\Local\\Temp\\rust_mozprofile0TONXs\\search.json.mozlz4", (void 0)))
DevTools listening on ws://localhost:51765/devtools/browser/00d4de52-6e49-4a91-ac92-f21b23ef7a2b
1637003701529	Marionette	INFO	Listening on port 51770
1637003701935	RemoteAgent	WARN	TLS certificate errors will be ignored for this session
JavaScript warning: https://www.techwithtim.net/_Incapsula_Resource?SWJIYLWA=719d34d31c8e3a6e6fffd425f7e032f3&ns=1&cb=2133845933, line 1: unreachable code after return statement
JavaScript warning: https://www.techwithtim.net/_Incapsula_Resource?SWJIYLWA=719d34d31c8e3a6e6fffd425f7e032f3&ns=1&cb=2133845933, line 1: unreachable code after return statement
JavaScript warning: https://www.techwithtim.net/_Incapsula_Resource?SWJIYLWA=719d34d31c8e3a6e6fffd425f7e032f3&ns=1&cb=2133845933, line 1: unreachable code after return statement
JavaScript warning: https://www.techwithtim.net/_Incapsula_Resource?SWJIYLWA=719d34d31c8e3a6e6fffd425f7e032f3&ns=1&cb=2133845933 line 1 > eval, line 1: unreachable code after return statement
JavaScript warning: https://www.techwithtim.net/_Incapsula_Resource?SWJIYLWA=719d34d31c8e3a6e6fffd425f7e032f3&ns=1&cb=2133845933 line 1 > eval, line 1: unreachable code after return statement
JavaScript warning: https://pagead2.googlesyndication.com/bg/IDpL2rJiZrNY3rYqo4eIGDY6phXtx-GzYRENHMIWWlE.js line 1 > eval line 1162 > eval line 1 > eval line 1 > eval, line 1: WEBGL_debug_renderer_info is deprecated in Firefox and will be removed. Please use RENDERER.
1637003721475	Marionette	INFO	Stopped listening on port 51770
JavaScript error: , line 0: TypeError: NetworkError when attempting to fetch resource.
1637003940684	geckodriver	INFO	Listening on 127.0.0.1:59145
1637003943743	mozrunner::runner	INFO	Running command: "C:\\Program Files\\Mozilla Firefox\\firefox.exe" "--marionette" "--remote-debugging-port" "59146" "-no-remote" "-profile" "C:\\Users\\hasan\\AppData\\Local\\Temp\\rust_mozprofiletbTmLB"
1637003944024	Marionette	INFO	Marionette enabled
console.warn: SearchSettings: "get: No settings file exists, new profile?" (new NotFoundError("Could not open the file at C:\\Users\\hasan\\AppData\\Local\\Temp\\rust_mozprofiletbTmLB\\search.json.mozlz4", (void 0)))
DevTools listening on ws://localhost:59146/devtools/browser/fe52dcad-16d8-4388-b0f4-f44452e7bb9c
1637003946145	Marionette	INFO	Listening on port 59151
1637003946407	RemoteAgent	WARN	TLS certificate errors will be ignored for this session
JavaScript warning: https://www.techwithtim.net/_Incapsula_Resource?SWJIYLWA=719d34d31c8e3a6e6fffd425f7e032f3&ns=1&cb=567015396, line 1: unreachable code after return statement
JavaScript warning: https://www.techwithtim.net/_Incapsula_Resource?SWJIYLWA=719d34d31c8e3a6e6fffd425f7e032f3&ns=1&cb=567015396, line 1: unreachable code after return statement
JavaScript warning: https://www.techwithtim.net/_Incapsula_Resource?SWJIYLWA=719d34d31c8e3a6e6fffd425f7e032f3&ns=1&cb=567015396, line 1: unreachable code after return statement
JavaScript warning: https://www.techwithtim.net/_Incapsula_Resource?SWJIYLWA=719d34d31c8e3a6e6fffd425f7e032f3&ns=1&cb=567015396 line 1 > eval, line 1: unreachable code after return statement
JavaScript warning: https://www.techwithtim.net/_Incapsula_Resource?SWJIYLWA=719d34d31c8e3a6e6fffd425f7e032f3&ns=1&cb=567015396 line 1 > eval, line 1: unreachable code after return statement
JavaScript error: https://www.youtube.com/s/subscriptions/subscribe_embed/js/www-subscribe-embed_v0.js, line 2499: Error: Bad hint
JavaScript warning: https://pagead2.googlesyndication.com/bg/IDpL2rJiZrNY3rYqo4eIGDY6phXtx-GzYRENHMIWWlE.js line 1 > eval line 7259 > eval line 1 > eval line 1 > eval, line 1: WEBGL_debug_renderer_info is deprecated in Firefox and will be removed. Please use RENDERER.
1637003977820	Marionette	INFO	Stopped listening on port 59151
JavaScript error: , line 0: TypeError: NetworkError when attempting to fetch resource.
console.warn: TopSitesFeed: Failed to fetch data from Contile server: NetworkError when attempting to fetch resource.
JavaScript error: , line 0: TypeError: NetworkError when attempting to fetch resource.

###!!! [Parent][RunMessage] Error: Channel closing: too late to send/recv, messages will be lost

1637004070476	geckodriver	INFO	Listening on 127.0.0.1:50020
1637004073545	mozrunner::runner	INFO	Running command: "C:\\Program Files\\Mozilla Firefox\\firefox.exe" "--marionette" "--remote-debugging-port" "50021" "-no-remote" "-profile" "C:\\Users\\hasan\\AppData\\Local\\Temp\\rust_mozprofileO4sgz3"
1637004073817	Marionette	INFO	Marionette enabled
console.warn: SearchSettings: "get: No settings file exists, new profile?" (new NotFoundError("Could not open the file at C:\\Users\\hasan\\AppData\\Local\\Temp\\rust_mozprofileO4sgz3\\search.json.mozlz4", (void 0)))
DevTools listening on ws://localhost:50021/devtools/browser/9491dfc9-e072-4dee-a23f-0e28a21bc451
1637004075873	Marionette	INFO	Listening on port 50028
1637004076201	RemoteAgent	WARN	TLS certificate errors will be ignored for this session
JavaScript warning: https://www.techwithtim.net/_Incapsula_Resource?SWJIYLWA=719d34d31c8e3a6e6fffd425f7e032f3&ns=1&cb=1157943968, line 1: unreachable code after return statement
JavaScript warning: https://www.techwithtim.net/_Incapsula_Resource?SWJIYLWA=719d34d31c8e3a6e6fffd425f7e032f3&ns=1&cb=1157943968, line 1: unreachable code after return statement
JavaScript warning: https://www.techwithtim.net/_Incapsula_Resource?SWJIYLWA=719d34d31c8e3a6e6fffd425f7e032f3&ns=1&cb=1157943968, line 1: unreachable code after return statement
JavaScript warning: https://www.techwithtim.net/_Incapsula_Resource?SWJIYLWA=719d34d31c8e3a6e6fffd425f7e032f3&ns=1&cb=1157943968 line 1 > eval, line 1: unreachable code after return statement
JavaScript warning: https://www.techwithtim.net/_Incapsula_Resource?SWJIYLWA=719d34d31c8e3a6e6fffd425f7e032f3&ns=1&cb=1157943968 line 1 > eval, line 1: unreachable code after return statement
JavaScript error: , line 0: uncaught exception: undefined
JavaScript error: https://www.youtube.com/s/subscriptions/subscribe_embed/js/www-subscribe-embed_v0.js, line 2499: Error: Bad hint
JavaScript error: , line 0: TypeError: NetworkError when attempting to fetch resource.
JavaScript error: , line 0: TypeError: NetworkError when attempting to fetch resource.
JavaScript error: , line 0: TypeError: NetworkError when attempting to fetch resource.
JavaScript warning: https://www.techwithtim.net/_Incapsula_Resource?SWJIYLWA=719d34d31c8e3a6e6fffd425f7e032f3&ns=1&cb=1157943968, line 1: unreachable code after return statement
JavaScript warning: https://www.techwithtim.net/_Incapsula_Resource?SWJIYLWA=719d34d31c8e3a6e6fffd425f7e032f3&ns=1&cb=1157943968, line 1: unreachable code after return statement
JavaScript warning: https://www.techwithtim.net/_Incapsula_Resource?SWJIYLWA=719d34d31c8e3a6e6fffd425f7e032f3&ns=1&cb=1157943968 line 1 > eval, line 1: unreachable code after return statement
JavaScript warning: https://www.techwithtim.net/_Incapsula_Resource?SWJIYLWA=719d34d31c8e3a6e6fffd425f7e032f3&ns=1&cb=1157943968 line 1 > eval, line 1: unreachable code after return statement
JavaScript error: , line 0: TypeError: NetworkError when attempting to fetch resource.
JavaScript warning: https://pagead2.googlesyndication.com/bg/IDpL2rJiZrNY3rYqo4eIGDY6phXtx-GzYRENHMIWWlE.js line 1 > eval line 7114 > eval line 1 > eval line 1 > eval, line 1: WEBGL_debug_renderer_info is deprecated in Firefox and will be removed. Please use RENDERER.
1637004096179	Marionette	INFO	Stopped listening on port 50028
JavaScript error: , line 0: TypeError: NetworkError when attempting to fetch resource.
console.warn: TopSitesFeed: Failed to fetch data from Contile server: NetworkError when attempting to fetch resource.

###!!! [Parent][RunMessage] Error: Channel closing: too late to send/recv, messages will be lost

